<?xml version="1.0" encoding="UTF-8"?>
<!-- Generated by org.testng.reporters.JUnitReportReporter -->
<testsuite skipped="0" hostname="A4G143-PC" name="ui.Test2" tests="2" failures="0" timestamp="2019-10-16T23:28:41 IST" time="0.001" errors="0">
  <testcase name="test2a" time="0.000" classname="ui.Test2"/>
  <testcase name="test2b" time="0.001" classname="ui.Test2"/>
</testsuite> <!-- ui.Test2 -->
